<?xml version="1.0" encoding="UTF-8"?>
<testsuite xmlns:xsi="http://www.w3.org/2001/XMLSchema-instance" xsi:noNamespaceSchemaLocation="https://maven.apache.org/surefire/maven-surefire-plugin/xsd/surefire-test-report-3.0.xsd" version="3.0" name="com.hr.management.service.UserServiceTest" time="2.332" tests="7" errors="0" skipped="0" failures="0">
  <properties>
[...]
</properties>
  <testcase name="findAll_should_throwNoSuchElementFoundException_when_UserIsNotFound" classname="com.hr.management.service.UserServiceTest" time="2.058"/>
  <testcase name="update_should_throwNoSuchElementFoundException_when_UserIsNotFound" classname="com.hr.management.service.UserServiceTest" time="0.042"/>
  <testcase name="create_should_throwElementAlreadyExistsException_when_UserAlreadyExists" classname="com.hr.management.service.UserServiceTest" time="0.028"/>
  <testcase name="findById_should_throwNoSuchElementFoundException_when_UserIsNotFound" classname="com.hr.management.service.UserServiceTest" time="0.014"/>
  <testcase name="getById_should_throwNoSuchElementFoundException_when_UserIsNotFound" classname="com.hr.management.service.UserServiceTest" time="0.021"/>
  <testcase name="updateFullName_should_throwNoSuchElementFoundException_when_UserIsNotFound" classname="com.hr.management.service.UserServiceTest" time="0.031"/>
  <testcase name="deleteById_should_throwNoSuchElementFoundException_when_UserIsNotFound" classname="com.hr.management.service.UserServiceTest" time="0.06"/>
</testsuite>