<?xml version="1.0" encoding="UTF-8"?>
<testsuite xmlns:xsi="http://www.w3.org/2001/XMLSchema-instance" xsi:noNamespaceSchemaLocation="https://maven.apache.org/surefire/maven-surefire-plugin/xsd/surefire-test-report-3.0.xsd" version="3.0" name="com.hr.management.controller.CustomerControllerTest" time="5.633" tests="10" errors="0" skipped="0" failures="0">
  <properties>
[...]
</properties>
  <testcase name="findAll_Customer_Search_AgeGreaterThan16_should_return_3_Element_And_StatusIsOk" classname="com.hr.management.controller.CustomerControllerTest" time="1.973">
    <system-out><![CDATA[Hibernate: 
    select
        c1_0.id,
        c1_0.age,
        c1_0.created_at,
        c1_0.first_name,
        c1_0.last_name 
    from
        customer c1_0 
    where
        c1_0.age>? 
    order by
        c1_0.first_name offset ? rows fetch first ? rows only
Hibernate: 
    select
        a1_0.customer_id,
        a1_0.id,
        a1_0.city,
        a1_0.country,
        a1_0.number,
        a1_0.street_name 
    from
        address a1_0 
    where
        a1_0.customer_id=?
Hibernate: 
    select
        a1_0.customer_id,
        a1_0.id,
        a1_0.city,
        a1_0.country,
        a1_0.number,
        a1_0.street_name 
    from
        address a1_0 
    where
        a1_0.customer_id=?
Hibernate: 
    select
        a1_0.customer_id,
        a1_0.id,
        a1_0.city,
        a1_0.country,
        a1_0.number,
        a1_0.street_name 
    from
        address a1_0 
    where
        a1_0.customer_id=?

MockHttpServletRequest:
      HTTP Method = GET
      Request URI = /api/v1/customers/search
       Parameters = {}
          Headers = [Content-Type:"application/json;charset=UTF-8", Content-Length:"100"]
             Body = {"searchCriteriaList":[{"key":"age","value":16,"filter":"gt","dataOption":null}],"dataOption":"all"}
    Session Attrs = {}

Handler:
             Type = com.hr.management.controller.CustomerController
           Method = com.hr.management.controller.CustomerController#findAll(int, int, String, String, CustomerSearchDTO)

Async:
    Async started = false
     Async result = null

Resolved Exception:
             Type = null

ModelAndView:
        View name = null
             View = null
            Model = null

FlashMap:
       Attributes = null

MockHttpServletResponse:
           Status = 200
    Error message = null
          Headers = [Vary:"Origin", "Access-Control-Request-Method", "Access-Control-Request-Headers", Content-Type:"application/json", X-Content-Type-Options:"nosniff", X-XSS-Protection:"0", Cache-Control:"no-cache, no-store, max-age=0, must-revalidate", Pragma:"no-cache", Expires:"0", X-Frame-Options:"DENY"]
     Content type = application/json
             Body = {"message":"Success","data":[{"id":4,"firstName":"Eva","lastName":"van Dirk","age":89,"createdAt":"14.06.2023 18:51:15","addresses":[{"id":4,"streetName":"De Heldinnenlaan","city":"Utrecht","country":"Netherlands","number":8,"createdAt":null}]},{"id":1,"firstName":"Julia","lastName":"van Daan","age":32,"createdAt":"14.06.2023 18:51:15","addresses":[{"id":1,"streetName":"Top Naefflaan","city":"Amstelveen","country":"Netherlands","number":28,"createdAt":null}]},{"id":2,"firstName":"Lars","lastName":"von Trier","age":48,"createdAt":"14.06.2023 18:51:15","addresses":[{"id":2,"streetName":"Postjesweg","city":"Amsterdam","country":"Netherlands","number":121,"createdAt":null}]}],"page":0,"pageSize":10,"totalElements":3}
    Forwarded URL = null
   Redirected URL = null
          Cookies = []
]]></system-out>
  </testcase>
  <testcase name="create_And_PUT_Customer_Customers_Should_Return201_And_ThenPut200" classname="com.hr.management.controller.CustomerControllerTest" time="0.972">
    <system-out><![CDATA[Hibernate: 
    select
        c1_0.id 
    from
        customer c1_0 
    where
        c1_0.first_name=? 
        and c1_0.last_name=? fetch first ? rows only
Hibernate: 
    select
        nextval('sequence_customer')
Hibernate: 
    select
        nextval('sequence_address')
&amp#27;[34m2023-06-14 18:51:46.256&amp#27;[0;39m &amp#27;[32mINFO &amp#27;[0;39m &amp#27;[2m39644&amp#27;[0;39m &amp#27;[2m---&amp#27;[0;39m &amp#27;[2m[    main]&amp#27;[0;39m &amp#27;[36mCustomerService                         &amp#27;[0;39m &amp#27;[2m:&amp#27;[0;39m &amp#27;[2mCustomer is created&amp#27;[0;39m

MockHttpServletRequest:
      HTTP Method = POST
      Request URI = /api/v1/customers
       Parameters = {}
          Headers = [Content-Type:"application/json;charset=UTF-8", Content-Length:"295"]
             Body = {"id":null,"firstName":"Gepeto","lastName":"voor Naam","age":43,"createdAt":null,"addresses":[{"id":null,"streetName":"Top","city":"Amstelveen","country":null,"number":null,"createdAt":null},{"id":null,"streetName":"Postjesweg","city":"Amsterdam","country":null,"number":null,"createdAt":null}]}
    Session Attrs = {}

Handler:
             Type = com.hr.management.controller.CustomerController
           Method = com.hr.management.controller.CustomerController#create(CustomerRequest)

Async:
    Async started = false
     Async result = null

Resolved Exception:
             Type = null

ModelAndView:
        View name = null
             View = null
            Model = null

FlashMap:
       Attributes = null

MockHttpServletResponse:
           Status = 201
    Error message = null
          Headers = [Vary:"Origin", "Access-Control-Request-Method", "Access-Control-Request-Headers", Content-Type:"application/json", X-Content-Type-Options:"nosniff", X-XSS-Protection:"0", Cache-Control:"no-cache, no-store, max-age=0, must-revalidate", Pragma:"no-cache", Expires:"0", X-Frame-Options:"DENY"]
     Content type = application/json
             Body = {"message":"Success","data":{"id":5,"firstName":"Gepeto","lastName":"voor Naam","age":43,"createdAt":null,"addresses":[{"id":5,"streetName":"Top","city":"Amstelveen","country":null,"number":null,"createdAt":null},{"id":6,"streetName":"Postjesweg","city":"Amsterdam","country":null,"number":null,"createdAt":null}]}}
    Forwarded URL = null
   Redirected URL = null
          Cookies = []
&amp#27;[34m2023-06-14 18:51:46.475&amp#27;[0;39m &amp#27;[32mINFO &amp#27;[0;39m &amp#27;[2m39644&amp#27;[0;39m &amp#27;[2m---&amp#27;[0;39m &amp#27;[2m[    main]&amp#27;[0;39m &amp#27;[36mCustomerService                         &amp#27;[0;39m &amp#27;[2m:&amp#27;[0;39m &amp#27;[2mCustomer is updated&amp#27;[0;39m

MockHttpServletRequest:
      HTTP Method = PUT
      Request URI = /api/v1/customers
       Parameters = {}
          Headers = [Content-Type:"application/json;charset=UTF-8", Content-Length:"286"]
             Body = {"id":5,"firstName":"Marcos","lastName":"voor Naam","age":43,"createdAt":null,"addresses":[{"id":5,"streetName":"Top","city":"Amstelveen","country":null,"number":null,"createdAt":null},{"id":6,"streetName":"Postjesweg","city":"Amsterdam","country":null,"number":null,"createdAt":null}]}
    Session Attrs = {}

Handler:
             Type = com.hr.management.controller.CustomerController
           Method = com.hr.management.controller.CustomerController#update(CustomerRequest)

Async:
    Async started = false
     Async result = null

Resolved Exception:
             Type = null

ModelAndView:
        View name = null
             View = null
            Model = null

FlashMap:
       Attributes = null

MockHttpServletResponse:
           Status = 200
    Error message = null
          Headers = [Vary:"Origin", "Access-Control-Request-Method", "Access-Control-Request-Headers", Content-Type:"application/json", X-Content-Type-Options:"nosniff", X-XSS-Protection:"0", Cache-Control:"no-cache, no-store, max-age=0, must-revalidate", Pragma:"no-cache", Expires:"0", X-Frame-Options:"DENY"]
     Content type = application/json
             Body = {"message":"Success","data":{"id":5}}
    Forwarded URL = null
   Redirected URL = null
          Cookies = []
]]></system-out>
  </testcase>
  <testcase name="findById_should_returnStatusIsNotFound_when_IsNotFound" classname="com.hr.management.controller.CustomerControllerTest" time="0.348">
    <system-out><![CDATA[Hibernate: 
    select
        c1_0.id,
        c1_0.age,
        c1_0.created_at,
        c1_0.first_name,
        c1_0.last_name 
    from
        customer c1_0 
    where
        c1_0.id=?
&amp#27;[34m2023-06-14 18:51:46.863&amp#27;[0;39m &amp#27;[31mERROR&amp#27;[0;39m &amp#27;[2m39644&amp#27;[0;39m &amp#27;[2m---&amp#27;[0;39m &amp#27;[2m[    main]&amp#27;[0;39m &amp#27;[36mGlobalExceptionHandler                  &amp#27;[0;39m &amp#27;[2m:&amp#27;[0;39m &amp#27;[2mRequested element is not found&amp#27;[0;39m
com.hr.management.exception.NoSuchElementFoundException: Requested customer is not found
	at com.hr.management.service.CustomerService.lambda$findById$0(CustomerService.java:48)
	at java.base/java.util.Optional.orElseThrow(Optional.java:403)
	at com.hr.management.service.CustomerService.findById(CustomerService.java:48)
	at java.base/jdk.internal.reflect.NativeMethodAccessorImpl.invoke0(Native Method)
	at java.base/jdk.internal.reflect.NativeMethodAccessorImpl.invoke(NativeMethodAccessorImpl.java:77)
	at java.base/jdk.internal.reflect.DelegatingMethodAccessorImpl.invoke(DelegatingMethodAccessorImpl.java:43)
	at java.base/java.lang.reflect.Method.invoke(Method.java:568)
	at org.springframework.aop.support.AopUtils.invokeJoinpointUsingReflection(AopUtils.java:343)
	at org.springframework.aop.framework.CglibAopProxy$DynamicAdvisedInterceptor.intercept(CglibAopProxy.java:698)
	at com.hr.management.service.CustomerService$$SpringCGLIB$$0.findById(<generated>)
	at com.hr.management.controller.CustomerController.findById(CustomerController.java:54)
	at java.base/jdk.internal.reflect.NativeMethodAccessorImpl.invoke0(Native Method)
	at java.base/jdk.internal.reflect.NativeMethodAccessorImpl.invoke(NativeMethodAccessorImpl.java:77)
	at java.base/jdk.internal.reflect.DelegatingMethodAccessorImpl.invoke(DelegatingMethodAccessorImpl.java:43)
	at java.base/java.lang.reflect.Method.invoke(Method.java:568)
	at org.springframework.aop.support.AopUtils.invokeJoinpointUsingReflection(AopUtils.java:343)
	at org.springframework.aop.framework.ReflectiveMethodInvocation.invokeJoinpoint(ReflectiveMethodInvocation.java:196)
	at org.springframework.aop.framework.ReflectiveMethodInvocation.proceed(ReflectiveMethodInvocation.java:163)
	at org.springframework.aop.framework.CglibAopProxy$CglibMethodInvocation.proceed(CglibAopProxy.java:750)
	at org.springframework.security.authorization.method.AuthorizationManagerBeforeMethodInterceptor.invoke(AuthorizationManagerBeforeMethodInterceptor.java:199)
	at org.springframework.aop.framework.ReflectiveMethodInvocation.proceed(ReflectiveMethodInvocation.java:184)
	at org.springframework.aop.framework.CglibAopProxy$CglibMethodInvocation.proceed(CglibAopProxy.java:750)
	at org.springframework.aop.framework.CglibAopProxy$DynamicAdvisedInterceptor.intercept(CglibAopProxy.java:702)
	at com.hr.management.controller.CustomerController$$SpringCGLIB$$0.findById(<generated>)
	at java.base/jdk.internal.reflect.NativeMethodAccessorImpl.invoke0(Native Method)
	at java.base/jdk.internal.reflect.NativeMethodAccessorImpl.invoke(NativeMethodAccessorImpl.java:77)
	at java.base/jdk.internal.reflect.DelegatingMethodAccessorImpl.invoke(DelegatingMethodAccessorImpl.java:43)
	at java.base/java.lang.reflect.Method.invoke(Method.java:568)
	at org.springframework.web.method.support.InvocableHandlerMethod.doInvoke(InvocableHandlerMethod.java:207)
	at org.springframework.web.method.support.InvocableHandlerMethod.invokeForRequest(InvocableHandlerMethod.java:152)
	at org.springframework.web.servlet.mvc.method.annotation.ServletInvocableHandlerMethod.invokeAndHandle(ServletInvocableHandlerMethod.java:118)
	at org.springframework.web.servlet.mvc.method.annotation.RequestMappingHandlerAdapter.invokeHandlerMethod(RequestMappingHandlerAdapter.java:884)
	at org.springframework.web.servlet.mvc.method.annotation.RequestMappingHandlerAdapter.handleInternal(RequestMappingHandlerAdapter.java:797)
	at org.springframework.web.servlet.mvc.method.AbstractHandlerMethodAdapter.handle(AbstractHandlerMethodAdapter.java:87)
	at org.springframework.web.servlet.DispatcherServlet.doDispatch(DispatcherServlet.java:1081)
	at org.springframework.web.servlet.DispatcherServlet.doService(DispatcherServlet.java:974)
	at org.springframework.web.servlet.FrameworkServlet.processRequest(FrameworkServlet.java:1011)
	at org.springframework.web.servlet.FrameworkServlet.doGet(FrameworkServlet.java:903)
	at jakarta.servlet.http.HttpServlet.service(HttpServlet.java:564)
	at org.springframework.web.servlet.FrameworkServlet.service(FrameworkServlet.java:885)
	at org.springframework.test.web.servlet.TestDispatcherServlet.service(TestDispatcherServlet.java:72)
	at jakarta.servlet.http.HttpServlet.service(HttpServlet.java:658)
	at org.springframework.mock.web.MockFilterChain$ServletFilterProxy.doFilter(MockFilterChain.java:165)
	at org.springframework.mock.web.MockFilterChain.doFilter(MockFilterChain.java:132)
	at org.springframework.web.filter.OncePerRequestFilter.doFilter(OncePerRequestFilter.java:110)
	at org.springframework.mock.web.MockFilterChain.doFilter(MockFilterChain.java:132)
	at org.springframework.security.web.FilterChainProxy.lambda$doFilterInternal$3(FilterChainProxy.java:231)
	at org.springframework.security.web.FilterChainProxy$VirtualFilterChain.doFilter(FilterChainProxy.java:365)
	at org.springframework.security.web.access.intercept.AuthorizationFilter.doFilter(AuthorizationFilter.java:100)
	at org.springframework.security.web.FilterChainProxy$VirtualFilterChain.doFilter(FilterChainProxy.java:374)
	at org.springframework.security.web.access.ExceptionTranslationFilter.doFilter(ExceptionTranslationFilter.java:126)
	at org.springframework.security.web.access.ExceptionTranslationFilter.doFilter(ExceptionTranslationFilter.java:120)
	at org.springframework.security.web.FilterChainProxy$VirtualFilterChain.doFilter(FilterChainProxy.java:374)
	at org.springframework.security.web.session.SessionManagementFilter.doFilter(SessionManagementFilter.java:131)
	at org.springframework.security.web.session.SessionManagementFilter.doFilter(SessionManagementFilter.java:85)
	at org.springframework.security.web.FilterChainProxy$VirtualFilterChain.doFilter(FilterChainProxy.java:374)
	at org.springframework.security.web.authentication.AnonymousAuthenticationFilter.doFilter(AnonymousAuthenticationFilter.java:100)
	at org.springframework.security.web.FilterChainProxy$VirtualFilterChain.doFilter(FilterChainProxy.java:374)
	at org.springframework.security.web.servletapi.SecurityContextHolderAwareRequestFilter.doFilter(SecurityContextHolderAwareRequestFilter.java:179)
	at org.springframework.security.web.FilterChainProxy$VirtualFilterChain.doFilter(FilterChainProxy.java:374)
	at org.springframework.security.web.savedrequest.RequestCacheAwareFilter.doFilter(RequestCacheAwareFilter.java:63)
	at org.springframework.security.web.FilterChainProxy$VirtualFilterChain.doFilter(FilterChainProxy.java:374)
	at com.hr.management.security.AuthTokenFilter.doFilterInternal(AuthTokenFilter.java:54)
	at org.springframework.web.filter.OncePerRequestFilter.doFilter(OncePerRequestFilter.java:116)
	at org.springframework.security.web.FilterChainProxy$VirtualFilterChain.doFilter(FilterChainProxy.java:374)
	at org.springframework.security.web.authentication.logout.LogoutFilter.doFilter(LogoutFilter.java:107)
	at org.springframework.security.web.authentication.logout.LogoutFilter.doFilter(LogoutFilter.java:93)
	at org.springframework.security.web.FilterChainProxy$VirtualFilterChain.doFilter(FilterChainProxy.java:374)
	at org.springframework.web.filter.CorsFilter.doFilterInternal(CorsFilter.java:91)
	at org.springframework.web.filter.OncePerRequestFilter.doFilter(OncePerRequestFilter.java:116)
	at org.springframework.security.web.FilterChainProxy$VirtualFilterChain.doFilter(FilterChainProxy.java:374)
	at org.springframework.security.web.header.HeaderWriterFilter.doHeadersAfter(HeaderWriterFilter.java:90)
	at org.springframework.security.web.header.HeaderWriterFilter.doFilterInternal(HeaderWriterFilter.java:75)
	at org.springframework.web.filter.OncePerRequestFilter.doFilter(OncePerRequestFilter.java:116)
	at org.springframework.security.web.FilterChainProxy$VirtualFilterChain.doFilter(FilterChainProxy.java:374)
	at org.springframework.security.web.context.SecurityContextHolderFilter.doFilter(SecurityContextHolderFilter.java:82)
	at org.springframework.security.web.context.SecurityContextHolderFilter.doFilter(SecurityContextHolderFilter.java:69)
	at org.springframework.security.web.FilterChainProxy$VirtualFilterChain.doFilter(FilterChainProxy.java:374)
	at org.springframework.security.web.context.request.async.WebAsyncManagerIntegrationFilter.doFilterInternal(WebAsyncManagerIntegrationFilter.java:62)
	at org.springframework.web.filter.OncePerRequestFilter.doFilter(OncePerRequestFilter.java:116)
	at org.springframework.security.web.FilterChainProxy$VirtualFilterChain.doFilter(FilterChainProxy.java:374)
	at org.springframework.security.web.session.DisableEncodeUrlFilter.doFilterInternal(DisableEncodeUrlFilter.java:42)
	at org.springframework.web.filter.OncePerRequestFilter.doFilter(OncePerRequestFilter.java:116)
	at org.springframework.security.web.FilterChainProxy$VirtualFilterChain.doFilter(FilterChainProxy.java:374)
	at org.springframework.security.web.FilterChainProxy.doFilterInternal(FilterChainProxy.java:233)
	at org.springframework.security.web.FilterChainProxy.doFilter(FilterChainProxy.java:191)
	at org.springframework.web.filter.DelegatingFilterProxy.invokeDelegate(DelegatingFilterProxy.java:352)
	at org.springframework.web.filter.DelegatingFilterProxy.doFilter(DelegatingFilterProxy.java:268)
	at org.springframework.mock.web.MockFilterChain.doFilter(MockFilterChain.java:132)
	at org.springframework.web.filter.RequestContextFilter.doFilterInternal(RequestContextFilter.java:100)
	at org.springframework.web.filter.OncePerRequestFilter.doFilter(OncePerRequestFilter.java:116)
	at org.springframework.mock.web.MockFilterChain.doFilter(MockFilterChain.java:132)
	at org.springframework.web.filter.FormContentFilter.doFilterInternal(FormContentFilter.java:93)
	at org.springframework.web.filter.OncePerRequestFilter.doFilter(OncePerRequestFilter.java:116)
	at org.springframework.mock.web.MockFilterChain.doFilter(MockFilterChain.java:132)
	at org.springframework.web.filter.CharacterEncodingFilter.doFilterInternal(CharacterEncodingFilter.java:201)
	at org.springframework.web.filter.OncePerRequestFilter.doFilter(OncePerRequestFilter.java:116)
	at org.springframework.mock.web.MockFilterChain.doFilter(MockFilterChain.java:132)
	at org.springframework.test.web.servlet.MockMvc.perform(MockMvc.java:201)
	at com.hr.management.controller.CustomerControllerTest.findById_should_returnStatusIsNotFound_when_IsNotFound(CustomerControllerTest.java:62)
	at java.base/jdk.internal.reflect.NativeMethodAccessorImpl.invoke0(Native Method)
	at java.base/jdk.internal.reflect.NativeMethodAccessorImpl.invoke(NativeMethodAccessorImpl.java:77)
	at java.base/jdk.internal.reflect.DelegatingMethodAccessorImpl.invoke(DelegatingMethodAccessorImpl.java:43)
	at java.base/java.lang.reflect.Method.invoke(Method.java:568)
	at org.junit.platform.commons.util.ReflectionUtils.invokeMethod(ReflectionUtils.java:727)
	at org.junit.jupiter.engine.execution.MethodInvocation.proceed(MethodInvocation.java:60)
	at org.junit.jupiter.engine.execution.InvocationInterceptorChain$ValidatingInvocation.proceed(InvocationInterceptorChain.java:131)
	at org.junit.jupiter.engine.extension.TimeoutExtension.intercept(TimeoutExtension.java:156)
	at org.junit.jupiter.engine.extension.TimeoutExtension.interceptTestableMethod(TimeoutExtension.java:147)
	at org.junit.jupiter.engine.extension.TimeoutExtension.interceptTestMethod(TimeoutExtension.java:86)
	at org.junit.jupiter.engine.execution.InterceptingExecutableInvoker$ReflectiveInterceptorCall.lambda$ofVoidMethod$0(InterceptingExecutableInvoker.java:103)
	at org.junit.jupiter.engine.execution.InterceptingExecutableInvoker.lambda$invoke$0(InterceptingExecutableInvoker.java:93)
	at org.junit.jupiter.engine.execution.InvocationInterceptorChain$InterceptedInvocation.proceed(InvocationInterceptorChain.java:106)
	at org.junit.jupiter.engine.execution.InvocationInterceptorChain.proceed(InvocationInterceptorChain.java:64)
	at org.junit.jupiter.engine.execution.InvocationInterceptorChain.chainAndInvoke(InvocationInterceptorChain.java:45)
	at org.junit.jupiter.engine.execution.InvocationInterceptorChain.invoke(InvocationInterceptorChain.java:37)
	at org.junit.jupiter.engine.execution.InterceptingExecutableInvoker.invoke(InterceptingExecutableInvoker.java:92)
	at org.junit.jupiter.engine.execution.InterceptingExecutableInvoker.invoke(InterceptingExecutableInvoker.java:86)
	at org.junit.jupiter.engine.descriptor.TestMethodTestDescriptor.lambda$invokeTestMethod$7(TestMethodTestDescriptor.java:217)
	at org.junit.platform.engine.support.hierarchical.ThrowableCollector.execute(ThrowableCollector.java:73)
	at org.junit.jupiter.engine.descriptor.TestMethodTestDescriptor.invokeTestMethod(TestMethodTestDescriptor.java:213)
	at org.junit.jupiter.engine.descriptor.TestMethodTestDescriptor.execute(TestMethodTestDescriptor.java:138)
	at org.junit.jupiter.engine.descriptor.TestMethodTestDescriptor.execute(TestMethodTestDescriptor.java:68)
	at org.junit.platform.engine.support.hierarchical.NodeTestTask.lambda$executeRecursively$6(NodeTestTask.java:151)
	at org.junit.platform.engine.support.hierarchical.ThrowableCollector.execute(ThrowableCollector.java:73)
	at org.junit.platform.engine.support.hierarchical.NodeTestTask.lambda$executeRecursively$8(NodeTestTask.java:141)
	at org.junit.platform.engine.support.hierarchical.Node.around(Node.java:137)
	at org.junit.platform.engine.support.hierarchical.NodeTestTask.lambda$executeRecursively$9(NodeTestTask.java:139)
	at org.junit.platform.engine.support.hierarchical.ThrowableCollector.execute(ThrowableCollector.java:73)
	at org.junit.platform.engine.support.hierarchical.NodeTestTask.executeRecursively(NodeTestTask.java:138)
	at org.junit.platform.engine.support.hierarchical.NodeTestTask.execute(NodeTestTask.java:95)
	at java.base/java.util.ArrayList.forEach(ArrayList.java:1511)
	at org.junit.platform.engine.support.hierarchical.SameThreadHierarchicalTestExecutorService.invokeAll(SameThreadHierarchicalTestExecutorService.java:41)
	at org.junit.platform.engine.support.hierarchical.NodeTestTask.lambda$executeRecursively$6(NodeTestTask.java:155)
	at org.junit.platform.engine.support.hierarchical.ThrowableCollector.execute(ThrowableCollector.java:73)
	at org.junit.platform.engine.support.hierarchical.NodeTestTask.lambda$executeRecursively$8(NodeTestTask.java:141)
	at org.junit.platform.engine.support.hierarchical.Node.around(Node.java:137)
	at org.junit.platform.engine.support.hierarchical.NodeTestTask.lambda$executeRecursively$9(NodeTestTask.java:139)
	at org.junit.platform.engine.support.hierarchical.ThrowableCollector.execute(ThrowableCollector.java:73)
	at org.junit.platform.engine.support.hierarchical.NodeTestTask.executeRecursively(NodeTestTask.java:138)
	at org.junit.platform.engine.support.hierarchical.NodeTestTask.execute(NodeTestTask.java:95)
	at java.base/java.util.ArrayList.forEach(ArrayList.java:1511)
	at org.junit.platform.engine.support.hierarchical.SameThreadHierarchicalTestExecutorService.invokeAll(SameThreadHierarchicalTestExecutorService.java:41)
	at org.junit.platform.engine.support.hierarchical.NodeTestTask.lambda$executeRecursively$6(NodeTestTask.java:155)
	at org.junit.platform.engine.support.hierarchical.ThrowableCollector.execute(ThrowableCollector.java:73)
	at org.junit.platform.engine.support.hierarchical.NodeTestTask.lambda$executeRecursively$8(NodeTestTask.java:141)
	at org.junit.platform.engine.support.hierarchical.Node.around(Node.java:137)
	at org.junit.platform.engine.support.hierarchical.NodeTestTask.lambda$executeRecursively$9(NodeTestTask.java:139)
	at org.junit.platform.engine.support.hierarchical.ThrowableCollector.execute(ThrowableCollector.java:73)
	at org.junit.platform.engine.support.hierarchical.NodeTestTask.executeRecursively(NodeTestTask.java:138)
	at org.junit.platform.engine.support.hierarchical.NodeTestTask.execute(NodeTestTask.java:95)
	at org.junit.platform.engine.support.hierarchical.SameThreadHierarchicalTestExecutorService.submit(SameThreadHierarchicalTestExecutorService.java:35)
	at org.junit.platform.engine.support.hierarchical.HierarchicalTestExecutor.execute(HierarchicalTestExecutor.java:57)
	at org.junit.platform.engine.support.hierarchical.HierarchicalTestEngine.execute(HierarchicalTestEngine.java:54)
	at org.junit.platform.launcher.core.EngineExecutionOrchestrator.execute(EngineExecutionOrchestrator.java:147)
	at org.junit.platform.launcher.core.EngineExecutionOrchestrator.execute(EngineExecutionOrchestrator.java:127)
	at org.junit.platform.launcher.core.EngineExecutionOrchestrator.execute(EngineExecutionOrchestrator.java:90)
	at org.junit.platform.launcher.core.EngineExecutionOrchestrator.lambda$execute$0(EngineExecutionOrchestrator.java:55)
	at org.junit.platform.launcher.core.EngineExecutionOrchestrator.withInterceptedStreams(EngineExecutionOrchestrator.java:102)
	at org.junit.platform.launcher.core.EngineExecutionOrchestrator.execute(EngineExecutionOrchestrator.java:54)
	at org.junit.platform.launcher.core.DefaultLauncher.execute(DefaultLauncher.java:114)
	at org.junit.platform.launcher.core.DefaultLauncher.execute(DefaultLauncher.java:86)
	at org.junit.platform.launcher.core.DefaultLauncherSession$DelegatingLauncher.execute(DefaultLauncherSession.java:86)
	at org.apache.maven.surefire.junitplatform.LazyLauncher.execute(LazyLauncher.java:50)
	at org.apache.maven.surefire.junitplatform.JUnitPlatformProvider.execute(JUnitPlatformProvider.java:184)
	at org.apache.maven.surefire.junitplatform.JUnitPlatformProvider.invokeAllTests(JUnitPlatformProvider.java:148)
	at org.apache.maven.surefire.junitplatform.JUnitPlatformProvider.invoke(JUnitPlatformProvider.java:122)
	at org.apache.maven.surefire.booter.ForkedBooter.runSuitesInProcess(ForkedBooter.java:385)
	at org.apache.maven.surefire.booter.ForkedBooter.execute(ForkedBooter.java:162)
	at org.apache.maven.surefire.booter.ForkedBooter.run(ForkedBooter.java:507)
	at org.apache.maven.surefire.booter.ForkedBooter.main(ForkedBooter.java:495)

MockHttpServletRequest:
      HTTP Method = GET
      Request URI = /api/v1/customers/999
       Parameters = {}
          Headers = []
             Body = null
    Session Attrs = {}

Handler:
             Type = com.hr.management.controller.CustomerController
           Method = com.hr.management.controller.CustomerController#findById(long)

Async:
    Async started = false
     Async result = null

Resolved Exception:
             Type = com.hr.management.exception.NoSuchElementFoundException

ModelAndView:
        View name = null
             View = null
            Model = null

FlashMap:
       Attributes = null

MockHttpServletResponse:
           Status = 404
    Error message = null
          Headers = [Vary:"Origin", "Access-Control-Request-Method", "Access-Control-Request-Headers", Content-Type:"application/json", X-Content-Type-Options:"nosniff", X-XSS-Protection:"0", Cache-Control:"no-cache, no-store, max-age=0, must-revalidate", Pragma:"no-cache", Expires:"0", X-Frame-Options:"DENY"]
     Content type = application/json
             Body = {"status":404,"message":"Requested customer is not found"}
    Forwarded URL = null
   Redirected URL = null
          Cookies = []
]]></system-out>
  </testcase>
  <testcase name="create_Customer_Customers_Should_Return201" classname="com.hr.management.controller.CustomerControllerTest" time="0.152">
    <system-out><![CDATA[Hibernate: 
    select
        c1_0.id 
    from
        customer c1_0 
    where
        c1_0.first_name=? 
        and c1_0.last_name=? fetch first ? rows only
&amp#27;[34m2023-06-14 18:51:47.252&amp#27;[0;39m &amp#27;[32mINFO &amp#27;[0;39m &amp#27;[2m39644&amp#27;[0;39m &amp#27;[2m---&amp#27;[0;39m &amp#27;[2m[    main]&amp#27;[0;39m &amp#27;[36mCustomerService                         &amp#27;[0;39m &amp#27;[2m:&amp#27;[0;39m &amp#27;[2mCustomer is created&amp#27;[0;39m

MockHttpServletRequest:
      HTTP Method = POST
      Request URI = /api/v1/customers
       Parameters = {}
          Headers = [Content-Type:"application/json;charset=UTF-8", Content-Length:"294"]
             Body = {"id":null,"firstName":"Mikael","lastName":"van Dirk","age":43,"createdAt":null,"addresses":[{"id":null,"streetName":"Top","city":"Amstelveen","country":null,"number":null,"createdAt":null},{"id":null,"streetName":"Postjesweg","city":"Amsterdam","country":null,"number":null,"createdAt":null}]}
    Session Attrs = {}

Handler:
             Type = com.hr.management.controller.CustomerController
           Method = com.hr.management.controller.CustomerController#create(CustomerRequest)

Async:
    Async started = false
     Async result = null

Resolved Exception:
             Type = null

ModelAndView:
        View name = null
             View = null
            Model = null

FlashMap:
       Attributes = null

MockHttpServletResponse:
           Status = 201
    Error message = null
          Headers = [Vary:"Origin", "Access-Control-Request-Method", "Access-Control-Request-Headers", Content-Type:"application/json", X-Content-Type-Options:"nosniff", X-XSS-Protection:"0", Cache-Control:"no-cache, no-store, max-age=0, must-revalidate", Pragma:"no-cache", Expires:"0", X-Frame-Options:"DENY"]
     Content type = application/json
             Body = {"message":"Success","data":{"id":6,"firstName":"Mikael","lastName":"van Dirk","age":43,"createdAt":null,"addresses":[{"id":7,"streetName":"Top","city":"Amstelveen","country":null,"number":null,"createdAt":null},{"id":8,"streetName":"Postjesweg","city":"Amsterdam","country":null,"number":null,"createdAt":null}]}}
    Forwarded URL = null
   Redirected URL = null
          Cookies = []
]]></system-out>
  </testcase>
  <testcase name="findAll_Customer_Search_CheckContents_Customers_2_Customers" classname="com.hr.management.controller.CustomerControllerTest" time="0.345">
    <system-out><![CDATA[&amp#27;[34m2023-06-14 18:51:47.418&amp#27;[0;39m &amp#27;[32mINFO &amp#27;[0;39m &amp#27;[2m39644&amp#27;[0;39m &amp#27;[2m---&amp#27;[0;39m &amp#27;[2m[    main]&amp#27;[0;39m &amp#27;[36mCustomerSearch                          &amp#27;[0;39m &amp#27;[2m:&amp#27;[0;39m &amp#27;[2mcomparing CONTAINS origin SqmBasicValuedSimplePath(com.hr.management.model.Customer(177869424477222).addresses(177869459921897).{element}.streetName)&amp#27;[0;39m
Hibernate: 
    select
        c1_0.id,
        c1_0.age,
        c1_0.created_at,
        c1_0.first_name,
        c1_0.last_name 
    from
        customer c1_0 
    left join
        address a1_0 
            on c1_0.id=a1_0.customer_id 
    left join
        address a2_0 
            on c1_0.id=a2_0.customer_id 
    left join
        address a3_0 
            on c1_0.id=a3_0.customer_id 
    left join
        address a4_0 
            on c1_0.id=a4_0.customer_id 
    where
        lower(a2_0.street_name) like ? escape '' 
        or lower(a3_0.city) like ? escape '' 
        or lower(a4_0.country) like ? escape '' 
    order by
        c1_0.first_name offset ? rows fetch first ? rows only
Hibernate: 
    select
        a1_0.customer_id,
        a1_0.id,
        a1_0.city,
        a1_0.country,
        a1_0.number,
        a1_0.street_name 
    from
        address a1_0 
    where
        a1_0.customer_id=?

MockHttpServletRequest:
      HTTP Method = GET
      Request URI = /api/v1/customers/search
       Parameters = {}
          Headers = [Content-Type:"application/json;charset=UTF-8", Content-Length:"108"]
             Body = {"searchCriteriaList":[{"key":"address","value":"Naef","filter":"cn","dataOption":null}],"dataOption":"all"}
    Session Attrs = {}

Handler:
             Type = com.hr.management.controller.CustomerController
           Method = com.hr.management.controller.CustomerController#findAll(int, int, String, String, CustomerSearchDTO)

Async:
    Async started = false
     Async result = null

Resolved Exception:
             Type = null

ModelAndView:
        View name = null
             View = null
            Model = null

FlashMap:
       Attributes = null

MockHttpServletResponse:
           Status = 200
    Error message = null
          Headers = [Vary:"Origin", "Access-Control-Request-Method", "Access-Control-Request-Headers", Content-Type:"application/json", X-Content-Type-Options:"nosniff", X-XSS-Protection:"0", Cache-Control:"no-cache, no-store, max-age=0, must-revalidate", Pragma:"no-cache", Expires:"0", X-Frame-Options:"DENY"]
     Content type = application/json
             Body = {"message":"Success","data":[{"id":1,"firstName":"Julia","lastName":"van Daan","age":32,"createdAt":"14.06.2023 18:51:15","addresses":[{"id":1,"streetName":"Top Naefflaan","city":"Amstelveen","country":"Netherlands","number":28,"createdAt":null}]}],"page":0,"pageSize":10,"totalElements":1}
    Forwarded URL = null
   Redirected URL = null
          Cookies = []
]]></system-out>
  </testcase>
  <testcase name="findById_should_returnStatusIsOk_when_IsFound" classname="com.hr.management.controller.CustomerControllerTest" time="0.12">
    <system-out><![CDATA[Hibernate: 
    select
        c1_0.id,
        c1_0.age,
        c1_0.created_at,
        c1_0.first_name,
        c1_0.last_name 
    from
        customer c1_0 
    where
        c1_0.id=?
Hibernate: 
    select
        a1_0.customer_id,
        a1_0.id,
        a1_0.city,
        a1_0.country,
        a1_0.number,
        a1_0.street_name 
    from
        address a1_0 
    where
        a1_0.customer_id=?

MockHttpServletRequest:
      HTTP Method = GET
      Request URI = /api/v1/customers/1
       Parameters = {}
          Headers = []
             Body = null
    Session Attrs = {}

Handler:
             Type = com.hr.management.controller.CustomerController
           Method = com.hr.management.controller.CustomerController#findById(long)

Async:
    Async started = false
     Async result = null

Resolved Exception:
             Type = null

ModelAndView:
        View name = null
             View = null
            Model = null

FlashMap:
       Attributes = null

MockHttpServletResponse:
           Status = 200
    Error message = null
          Headers = [Vary:"Origin", "Access-Control-Request-Method", "Access-Control-Request-Headers", Content-Type:"application/json", X-Content-Type-Options:"nosniff", X-XSS-Protection:"0", Cache-Control:"no-cache, no-store, max-age=0, must-revalidate", Pragma:"no-cache", Expires:"0", X-Frame-Options:"DENY"]
     Content type = application/json
             Body = {"message":"Success","data":{"id":1,"firstName":"Julia","lastName":"van Daan","age":32,"createdAt":"14.06.2023 18:51:15","addresses":[{"id":1,"streetName":"Top Naefflaan","city":"Amstelveen","country":"Netherlands","number":28,"createdAt":null}]}}
    Forwarded URL = null
   Redirected URL = null
          Cookies = []
]]></system-out>
  </testcase>
  <testcase name="findAll_Customer_Search_CheckContents_Customers_should_returnStatusIsOk" classname="com.hr.management.controller.CustomerControllerTest" time="0.119">
    <system-out><![CDATA[Hibernate: 
    select
        c1_0.id,
        c1_0.age,
        c1_0.created_at,
        c1_0.first_name,
        c1_0.last_name 
    from
        customer c1_0 
    where
        c1_0.age<=? 
    order by
        c1_0.first_name offset ? rows fetch first ? rows only
Hibernate: 
    select
        a1_0.customer_id,
        a1_0.id,
        a1_0.city,
        a1_0.country,
        a1_0.number,
        a1_0.street_name 
    from
        address a1_0 
    where
        a1_0.customer_id=?

MockHttpServletRequest:
      HTTP Method = GET
      Request URI = /api/v1/customers/search
       Parameters = {}
          Headers = [Content-Type:"application/json;charset=UTF-8", Content-Length:"100"]
             Body = {"searchCriteriaList":[{"key":"age","value":15,"filter":"le","dataOption":null}],"dataOption":"all"}
    Session Attrs = {}

Handler:
             Type = com.hr.management.controller.CustomerController
           Method = com.hr.management.controller.CustomerController#findAll(int, int, String, String, CustomerSearchDTO)

Async:
    Async started = false
     Async result = null

Resolved Exception:
             Type = null

ModelAndView:
        View name = null
             View = null
            Model = null

FlashMap:
       Attributes = null

MockHttpServletResponse:
           Status = 200
    Error message = null
          Headers = [Vary:"Origin", "Access-Control-Request-Method", "Access-Control-Request-Headers", Content-Type:"application/json", X-Content-Type-Options:"nosniff", X-XSS-Protection:"0", Cache-Control:"no-cache, no-store, max-age=0, must-revalidate", Pragma:"no-cache", Expires:"0", X-Frame-Options:"DENY"]
     Content type = application/json
             Body = {"message":"Success","data":[{"id":3,"firstName":"Sem","lastName":"Japhe","age":15,"createdAt":"14.06.2023 18:51:15","addresses":[{"id":3,"streetName":"Ernstraat","city":"Amsterdam","country":"Netherlands","number":3,"createdAt":null}]}],"page":0,"pageSize":10,"totalElements":1}
    Forwarded URL = null
   Redirected URL = null
          Cookies = []
]]></system-out>
  </testcase>
  <testcase name="findAll_Customer_Search_AgeGreaterThan88_should_return_1_Element_And_StatusIsOk" classname="com.hr.management.controller.CustomerControllerTest" time="0.159">
    <system-out><![CDATA[Hibernate: 
    select
        c1_0.id,
        c1_0.age,
        c1_0.created_at,
        c1_0.first_name,
        c1_0.last_name 
    from
        customer c1_0 
    where
        c1_0.age>? 
    order by
        c1_0.first_name offset ? rows fetch first ? rows only
Hibernate: 
    select
        a1_0.customer_id,
        a1_0.id,
        a1_0.city,
        a1_0.country,
        a1_0.number,
        a1_0.street_name 
    from
        address a1_0 
    where
        a1_0.customer_id=?

MockHttpServletRequest:
      HTTP Method = GET
      Request URI = /api/v1/customers/search
       Parameters = {}
          Headers = [Content-Type:"application/json;charset=UTF-8", Content-Length:"100"]
             Body = {"searchCriteriaList":[{"key":"age","value":88,"filter":"gt","dataOption":null}],"dataOption":"all"}
    Session Attrs = {}

Handler:
             Type = com.hr.management.controller.CustomerController
           Method = com.hr.management.controller.CustomerController#findAll(int, int, String, String, CustomerSearchDTO)

Async:
    Async started = false
     Async result = null

Resolved Exception:
             Type = null

ModelAndView:
        View name = null
             View = null
            Model = null

FlashMap:
       Attributes = null

MockHttpServletResponse:
           Status = 200
    Error message = null
          Headers = [Vary:"Origin", "Access-Control-Request-Method", "Access-Control-Request-Headers", Content-Type:"application/json", X-Content-Type-Options:"nosniff", X-XSS-Protection:"0", Cache-Control:"no-cache, no-store, max-age=0, must-revalidate", Pragma:"no-cache", Expires:"0", X-Frame-Options:"DENY"]
     Content type = application/json
             Body = {"message":"Success","data":[{"id":4,"firstName":"Eva","lastName":"van Dirk","age":89,"createdAt":"14.06.2023 18:51:15","addresses":[{"id":4,"streetName":"De Heldinnenlaan","city":"Utrecht","country":"Netherlands","number":8,"createdAt":null}]}],"page":0,"pageSize":10,"totalElements":1}
    Forwarded URL = null
   Redirected URL = null
          Cookies = []
]]></system-out>
  </testcase>
  <testcase name="create_And_Get_Customer_Customers_Should_Return201_And_ThenGET200" classname="com.hr.management.controller.CustomerControllerTest" time="0.334">
    <system-out><![CDATA[Hibernate: 
    select
        c1_0.id 
    from
        customer c1_0 
    where
        c1_0.first_name=? 
        and c1_0.last_name=? fetch first ? rows only
Hibernate: 
    select
        nextval('sequence_address')
&amp#27;[34m2023-06-14 18:51:48.338&amp#27;[0;39m &amp#27;[32mINFO &amp#27;[0;39m &amp#27;[2m39644&amp#27;[0;39m &amp#27;[2m---&amp#27;[0;39m &amp#27;[2m[    main]&amp#27;[0;39m &amp#27;[36mCustomerService                         &amp#27;[0;39m &amp#27;[2m:&amp#27;[0;39m &amp#27;[2mCustomer is created&amp#27;[0;39m

MockHttpServletRequest:
      HTTP Method = POST
      Request URI = /api/v1/customers
       Parameters = {}
          Headers = [Content-Type:"application/json;charset=UTF-8", Accept:"application/json;charset=UTF-8", Content-Length:"294"]
             Body = {"id":null,"firstName":"Mikael","lastName":"van Dirk","age":43,"createdAt":null,"addresses":[{"id":null,"streetName":"Top","city":"Amstelveen","country":null,"number":null,"createdAt":null},{"id":null,"streetName":"Postjesweg","city":"Amsterdam","country":null,"number":null,"createdAt":null}]}
    Session Attrs = {}

Handler:
             Type = com.hr.management.controller.CustomerController
           Method = com.hr.management.controller.CustomerController#create(CustomerRequest)

Async:
    Async started = false
     Async result = null

Resolved Exception:
             Type = null

ModelAndView:
        View name = null
             View = null
            Model = null

FlashMap:
       Attributes = null

MockHttpServletResponse:
           Status = 201
    Error message = null
          Headers = [Vary:"Origin", "Access-Control-Request-Method", "Access-Control-Request-Headers", Content-Type:"application/json;charset=UTF-8", X-Content-Type-Options:"nosniff", X-XSS-Protection:"0", Cache-Control:"no-cache, no-store, max-age=0, must-revalidate", Pragma:"no-cache", Expires:"0", X-Frame-Options:"DENY"]
     Content type = application/json;charset=UTF-8
             Body = {"message":"Success","data":{"id":7,"firstName":"Mikael","lastName":"van Dirk","age":43,"createdAt":null,"addresses":[{"id":9,"streetName":"Top","city":"Amstelveen","country":null,"number":null,"createdAt":null},{"id":10,"streetName":"Postjesweg","city":"Amsterdam","country":null,"number":null,"createdAt":null}]}}
    Forwarded URL = null
   Redirected URL = null
          Cookies = []

MockHttpServletRequest:
      HTTP Method = GET
      Request URI = /api/v1/customers/7
       Parameters = {}
          Headers = []
             Body = null
    Session Attrs = {}

Handler:
             Type = com.hr.management.controller.CustomerController
           Method = com.hr.management.controller.CustomerController#findById(long)

Async:
    Async started = false
     Async result = null

Resolved Exception:
             Type = null

ModelAndView:
        View name = null
             View = null
            Model = null

FlashMap:
       Attributes = null

MockHttpServletResponse:
           Status = 200
    Error message = null
          Headers = [Vary:"Origin", "Access-Control-Request-Method", "Access-Control-Request-Headers", Content-Type:"application/json", X-Content-Type-Options:"nosniff", X-XSS-Protection:"0", Cache-Control:"no-cache, no-store, max-age=0, must-revalidate", Pragma:"no-cache", Expires:"0", X-Frame-Options:"DENY"]
     Content type = application/json
             Body = {"message":"Success","data":{"id":7,"firstName":"Mikael","lastName":"van Dirk","age":43,"createdAt":null,"addresses":[{"id":9,"streetName":"Top","city":"Amstelveen","country":null,"number":null,"createdAt":null},{"id":10,"streetName":"Postjesweg","city":"Amsterdam","country":null,"number":null,"createdAt":null}]}}
    Forwarded URL = null
   Redirected URL = null
          Cookies = []
]]></system-out>
  </testcase>
  <testcase name="create_And_Delete_Customer_Customers_Should_Return201_And_ThenDelete200" classname="com.hr.management.controller.CustomerControllerTest" time="0.166">
    <system-out><![CDATA[Hibernate: 
    select
        c1_0.id 
    from
        customer c1_0 
    where
        c1_0.first_name=? 
        and c1_0.last_name=? fetch first ? rows only
&amp#27;[34m2023-06-14 18:51:48.621&amp#27;[0;39m &amp#27;[32mINFO &amp#27;[0;39m &amp#27;[2m39644&amp#27;[0;39m &amp#27;[2m---&amp#27;[0;39m &amp#27;[2m[    main]&amp#27;[0;39m &amp#27;[36mCustomerService                         &amp#27;[0;39m &amp#27;[2m:&amp#27;[0;39m &amp#27;[2mCustomer is created&amp#27;[0;39m

MockHttpServletRequest:
      HTTP Method = POST
      Request URI = /api/v1/customers
       Parameters = {}
          Headers = [Content-Type:"application/json;charset=UTF-8", Content-Length:"292"]
             Body = {"id":null,"firstName":"Lino","lastName":"van Helm","age":43,"createdAt":null,"addresses":[{"id":null,"streetName":"Top","city":"Amstelveen","country":null,"number":null,"createdAt":null},{"id":null,"streetName":"Postjesweg","city":"Amsterdam","country":null,"number":null,"createdAt":null}]}
    Session Attrs = {}

Handler:
             Type = com.hr.management.controller.CustomerController
           Method = com.hr.management.controller.CustomerController#create(CustomerRequest)

Async:
    Async started = false
     Async result = null

Resolved Exception:
             Type = null

ModelAndView:
        View name = null
             View = null
            Model = null

FlashMap:
       Attributes = null

MockHttpServletResponse:
           Status = 201
    Error message = null
          Headers = [Vary:"Origin", "Access-Control-Request-Method", "Access-Control-Request-Headers", Content-Type:"application/json", X-Content-Type-Options:"nosniff", X-XSS-Protection:"0", Cache-Control:"no-cache, no-store, max-age=0, must-revalidate", Pragma:"no-cache", Expires:"0", X-Frame-Options:"DENY"]
     Content type = application/json
             Body = {"message":"Success","data":{"id":8,"firstName":"Lino","lastName":"van Helm","age":43,"createdAt":null,"addresses":[{"id":11,"streetName":"Top","city":"Amstelveen","country":null,"number":null,"createdAt":null},{"id":12,"streetName":"Postjesweg","city":"Amsterdam","country":null,"number":null,"createdAt":null}]}}
    Forwarded URL = null
   Redirected URL = null
          Cookies = []
&amp#27;[34m2023-06-14 18:51:48.689&amp#27;[0;39m &amp#27;[32mINFO &amp#27;[0;39m &amp#27;[2m39644&amp#27;[0;39m &amp#27;[2m---&amp#27;[0;39m &amp#27;[2m[    main]&amp#27;[0;39m &amp#27;[36mCustomerService                         &amp#27;[0;39m &amp#27;[2m:&amp#27;[0;39m &amp#27;[2mCustomer is deleted&amp#27;[0;39m

MockHttpServletRequest:
      HTTP Method = DELETE
      Request URI = /api/v1/customers/8
       Parameters = {}
          Headers = []
             Body = null
    Session Attrs = {}

Handler:
             Type = com.hr.management.controller.CustomerController
           Method = com.hr.management.controller.CustomerController#deleteById(long)

Async:
    Async started = false
     Async result = null

Resolved Exception:
             Type = null

ModelAndView:
        View name = null
             View = null
            Model = null

FlashMap:
       Attributes = null

MockHttpServletResponse:
           Status = 204
    Error message = null
          Headers = [Vary:"Origin", "Access-Control-Request-Method", "Access-Control-Request-Headers", X-Content-Type-Options:"nosniff", X-XSS-Protection:"0", Cache-Control:"no-cache, no-store, max-age=0, must-revalidate", Pragma:"no-cache", Expires:"0", X-Frame-Options:"DENY"]
     Content type = null
             Body = 
    Forwarded URL = null
   Redirected URL = null
          Cookies = []
]]></system-out>
  </testcase>
</testsuite>