<?xml version="1.0" encoding="UTF-8"?>
<testsuite xmlns:xsi="http://www.w3.org/2001/XMLSchema-instance" xsi:noNamespaceSchemaLocation="https://maven.apache.org/surefire/maven-surefire-plugin/xsd/surefire-test-report-3.0.xsd" version="3.0" name="com.hr.management.controller.UserControllerTest" time="54.832" tests="2" errors="0" skipped="0" failures="0">
  <properties>
[...]
</properties>
  <testcase name="findUserById_should_returnStatusIsOk_when_IsFound" classname="com.hr.management.controller.UserControllerTest" time="2.793">
    <system-out><![CDATA[18:50:48.574 [main] INFO org.springframework.test.context.support.AnnotationConfigContextLoaderUtils -- Could not detect default configuration classes for test class [com.hr.management.controller.UserControllerTest]: UserControllerTest does not declare any static, non-private, non-final, nested classes annotated with @Configuration.
18:50:48.915 [main] INFO org.springframework.boot.test.context.SpringBootTestContextBootstrapper -- Found @SpringBootConfiguration com.hr.management.CustomerManagerApplication for test class com.hr.management.controller.UserControllerTest
--- Customers API ---
&amp#27;[34m2023-06-14 18:50:50.307&amp#27;[0;39m &amp#27;[32mINFO &amp#27;[0;39m &amp#27;[2m39644&amp#27;[0;39m &amp#27;[2m---&amp#27;[0;39m &amp#27;[2m[    main]&amp#27;[0;39m &amp#27;[36mUserControllerTest                      &amp#27;[0;39m &amp#27;[2m:&amp#27;[0;39m &amp#27;[2mStarting UserControllerTest using Java 17 with PID 39644 (started by rosfranlinsborges in /Users/rosfranlinsborges/dev/customers-api)&amp#27;[0;39m
&amp#27;[34m2023-06-14 18:50:50.310&amp#27;[0;39m &amp#27;[32mINFO &amp#27;[0;39m &amp#27;[2m39644&amp#27;[0;39m &amp#27;[2m---&amp#27;[0;39m &amp#27;[2m[    main]&amp#27;[0;39m &amp#27;[36mUserControllerTest                      &amp#27;[0;39m &amp#27;[2m:&amp#27;[0;39m &amp#27;[2mThe following 1 profile is active: "test"&amp#27;[0;39m
&amp#27;[34m2023-06-14 18:50:58.248&amp#27;[0;39m &amp#27;[32mINFO &amp#27;[0;39m &amp#27;[2m39644&amp#27;[0;39m &amp#27;[2m---&amp#27;[0;39m &amp#27;[2m[    main]&amp#27;[0;39m &amp#27;[36mVersionPrinter                          &amp#27;[0;39m &amp#27;[2m:&amp#27;[0;39m &amp#27;[2mFlyway Community Edition 9.15.2 by Redgate&amp#27;[0;39m
&amp#27;[34m2023-06-14 18:50:58.250&amp#27;[0;39m &amp#27;[32mINFO &amp#27;[0;39m &amp#27;[2m39644&amp#27;[0;39m &amp#27;[2m---&amp#27;[0;39m &amp#27;[2m[    main]&amp#27;[0;39m &amp#27;[36mVersionPrinter                          &amp#27;[0;39m &amp#27;[2m:&amp#27;[0;39m &amp#27;[2mSee release notes here: https://rd.gt/416ObMi&amp#27;[0;39m
&amp#27;[34m2023-06-14 18:50:58.251&amp#27;[0;39m &amp#27;[32mINFO &amp#27;[0;39m &amp#27;[2m39644&amp#27;[0;39m &amp#27;[2m---&amp#27;[0;39m &amp#27;[2m[    main]&amp#27;[0;39m &amp#27;[36mVersionPrinter                          &amp#27;[0;39m &amp#27;[2m:&amp#27;[0;39m &amp#27;[2m&amp#27;[0;39m
&amp#27;[34m2023-06-14 18:50:58.336&amp#27;[0;39m &amp#27;[32mINFO &amp#27;[0;39m &amp#27;[2m39644&amp#27;[0;39m &amp#27;[2m---&amp#27;[0;39m &amp#27;[2m[    main]&amp#27;[0;39m &amp#27;[36mHikariDataSource                        &amp#27;[0;39m &amp#27;[2m:&amp#27;[0;39m &amp#27;[2mHikariPool-1 - Starting...&amp#27;[0;39m
&amp#27;[34m2023-06-14 18:50:58.746&amp#27;[0;39m &amp#27;[32mINFO &amp#27;[0;39m &amp#27;[2m39644&amp#27;[0;39m &amp#27;[2m---&amp#27;[0;39m &amp#27;[2m[    main]&amp#27;[0;39m &amp#27;[36mImageNameSubstitutor                    &amp#27;[0;39m &amp#27;[2m:&amp#27;[0;39m &amp#27;[2mImage name substitution will be performed by: DefaultImageNameSubstitutor (composite of 'ConfigurationFileImageNameSubstitutor' and 'PrefixingImageNameSubstitutor')&amp#27;[0;39m
&amp#27;[34m2023-06-14 18:50:58.948&amp#27;[0;39m &amp#27;[32mINFO &amp#27;[0;39m &amp#27;[2m39644&amp#27;[0;39m &amp#27;[2m---&amp#27;[0;39m &amp#27;[2m[    main]&amp#27;[0;39m &amp#27;[36mDockerClientProviderStrategy            &amp#27;[0;39m &amp#27;[2m:&amp#27;[0;39m &amp#27;[2mLoaded org.testcontainers.dockerclient.UnixSocketClientProviderStrategy from ~/.testcontainers.properties, will try it first&amp#27;[0;39m
&amp#27;[34m2023-06-14 18:51:03.746&amp#27;[0;39m &amp#27;[32mINFO &amp#27;[0;39m &amp#27;[2m39644&amp#27;[0;39m &amp#27;[2m---&amp#27;[0;39m &amp#27;[2m[    main]&amp#27;[0;39m &amp#27;[36mDockerClientProviderStrategy            &amp#27;[0;39m &amp#27;[2m:&amp#27;[0;39m &amp#27;[2mFound Docker environment with local Unix socket (unix:///var/run/docker.sock)&amp#27;[0;39m
&amp#27;[34m2023-06-14 18:51:03.753&amp#27;[0;39m &amp#27;[32mINFO &amp#27;[0;39m &amp#27;[2m39644&amp#27;[0;39m &amp#27;[2m---&amp#27;[0;39m &amp#27;[2m[    main]&amp#27;[0;39m &amp#27;[36mDockerClientFactory                     &amp#27;[0;39m &amp#27;[2m:&amp#27;[0;39m &amp#27;[2mDocker host IP address is localhost&amp#27;[0;39m
&amp#27;[34m2023-06-14 18:51:03.832&amp#27;[0;39m &amp#27;[32mINFO &amp#27;[0;39m &amp#27;[2m39644&amp#27;[0;39m &amp#27;[2m---&amp#27;[0;39m &amp#27;[2m[    main]&amp#27;[0;39m &amp#27;[36mDockerClientFactory                     &amp#27;[0;39m &amp#27;[2m:&amp#27;[0;39m &amp#27;[2mConnected to docker: 
  Server Version: 24.0.2
  API Version: 1.43
  Operating System: Docker Desktop
  Total Memory: 1985 MB&amp#27;[0;39m
&amp#27;[34m2023-06-14 18:51:03.981&amp#27;[0;39m &amp#27;[32mINFO &amp#27;[0;39m &amp#27;[2m39644&amp#27;[0;39m &amp#27;[2m---&amp#27;[0;39m &amp#27;[2m[    main]&amp#27;[0;39m &amp#27;[36m4]                                      &amp#27;[0;39m &amp#27;[2m:&amp#27;[0;39m &amp#27;[2mCreating container for image: testcontainers/ryuk:0.3.4&amp#27;[0;39m
&amp#27;[34m2023-06-14 18:51:05.860&amp#27;[0;39m &amp#27;[32mINFO &amp#27;[0;39m &amp#27;[2m39644&amp#27;[0;39m &amp#27;[2m---&amp#27;[0;39m &amp#27;[2m[    main]&amp#27;[0;39m &amp#27;[36mRegistryAuthLocator                     &amp#27;[0;39m &amp#27;[2m:&amp#27;[0;39m &amp#27;[2mCredential helper/store (docker-credential-desktop) does not have credentials for https://index.docker.io/v1/&amp#27;[0;39m
&amp#27;[34m2023-06-14 18:51:06.517&amp#27;[0;39m &amp#27;[32mINFO &amp#27;[0;39m &amp#27;[2m39644&amp#27;[0;39m &amp#27;[2m---&amp#27;[0;39m &amp#27;[2m[    main]&amp#27;[0;39m &amp#27;[36m4]                                      &amp#27;[0;39m &amp#27;[2m:&amp#27;[0;39m &amp#27;[2mContainer testcontainers/ryuk:0.3.4 is starting: a1e363cfce3fc7e22ed86d001924ab7cff1d108fceae835612858fdbb8152581&amp#27;[0;39m
&amp#27;[34m2023-06-14 18:51:07.701&amp#27;[0;39m &amp#27;[32mINFO &amp#27;[0;39m &amp#27;[2m39644&amp#27;[0;39m &amp#27;[2m---&amp#27;[0;39m &amp#27;[2m[    main]&amp#27;[0;39m &amp#27;[36m4]                                      &amp#27;[0;39m &amp#27;[2m:&amp#27;[0;39m &amp#27;[2mContainer testcontainers/ryuk:0.3.4 started in PT3.78892S&amp#27;[0;39m
&amp#27;[34m2023-06-14 18:51:07.727&amp#27;[0;39m &amp#27;[32mINFO &amp#27;[0;39m &amp#27;[2m39644&amp#27;[0;39m &amp#27;[2m---&amp#27;[0;39m &amp#27;[2m[    main]&amp#27;[0;39m &amp#27;[36mRyukResourceReaper                      &amp#27;[0;39m &amp#27;[2m:&amp#27;[0;39m &amp#27;[2mRyuk started - will monitor and terminate Testcontainers containers on JVM exit&amp#27;[0;39m
&amp#27;[34m2023-06-14 18:51:07.728&amp#27;[0;39m &amp#27;[32mINFO &amp#27;[0;39m &amp#27;[2m39644&amp#27;[0;39m &amp#27;[2m---&amp#27;[0;39m &amp#27;[2m[    main]&amp#27;[0;39m &amp#27;[36mDockerClientFactory                     &amp#27;[0;39m &amp#27;[2m:&amp#27;[0;39m &amp#27;[2mChecking the system...&amp#27;[0;39m
&amp#27;[34m2023-06-14 18:51:07.732&amp#27;[0;39m &amp#27;[32mINFO &amp#27;[0;39m &amp#27;[2m39644&amp#27;[0;39m &amp#27;[2m---&amp#27;[0;39m &amp#27;[2m[    main]&amp#27;[0;39m &amp#27;[36mDockerClientFactory                     &amp#27;[0;39m &amp#27;[2m:&amp#27;[0;39m &amp#27;[2m✔︎ Docker server version should be at least 1.6.0&amp#27;[0;39m
&amp#27;[34m2023-06-14 18:51:07.734&amp#27;[0;39m &amp#27;[32mINFO &amp#27;[0;39m &amp#27;[2m39644&amp#27;[0;39m &amp#27;[2m---&amp#27;[0;39m &amp#27;[2m[    main]&amp#27;[0;39m &amp#27;[36m6-alpine]                               &amp#27;[0;39m &amp#27;[2m:&amp#27;[0;39m &amp#27;[2mCreating container for image: postgres:14.6-alpine&amp#27;[0;39m
&amp#27;[34m2023-06-14 18:51:07.825&amp#27;[0;39m &amp#27;[32mINFO &amp#27;[0;39m &amp#27;[2m39644&amp#27;[0;39m &amp#27;[2m---&amp#27;[0;39m &amp#27;[2m[    main]&amp#27;[0;39m &amp#27;[36m6-alpine]                               &amp#27;[0;39m &amp#27;[2m:&amp#27;[0;39m &amp#27;[2mContainer postgres:14.6-alpine is starting: f2ef0513ec5c112a79f349d94273126477e2cf30c904825b49ec86bbdf537dff&amp#27;[0;39m
&amp#27;[34m2023-06-14 18:51:13.350&amp#27;[0;39m &amp#27;[32mINFO &amp#27;[0;39m &amp#27;[2m39644&amp#27;[0;39m &amp#27;[2m---&amp#27;[0;39m &amp#27;[2m[    main]&amp#27;[0;39m &amp#27;[36m6-alpine]                               &amp#27;[0;39m &amp#27;[2m:&amp#27;[0;39m &amp#27;[2mContainer postgres:14.6-alpine started in PT5.616304S&amp#27;[0;39m
&amp#27;[34m2023-06-14 18:51:14.220&amp#27;[0;39m &amp#27;[32mINFO &amp#27;[0;39m &amp#27;[2m39644&amp#27;[0;39m &amp#27;[2m---&amp#27;[0;39m &amp#27;[2m[    main]&amp#27;[0;39m &amp#27;[36mHikariPool                              &amp#27;[0;39m &amp#27;[2m:&amp#27;[0;39m &amp#27;[2mHikariPool-1 - Added connection org.testcontainers.jdbc.ConnectionWrapper@69745cfe&amp#27;[0;39m
&amp#27;[34m2023-06-14 18:51:14.227&amp#27;[0;39m &amp#27;[32mINFO &amp#27;[0;39m &amp#27;[2m39644&amp#27;[0;39m &amp#27;[2m---&amp#27;[0;39m &amp#27;[2m[    main]&amp#27;[0;39m &amp#27;[36mHikariDataSource                        &amp#27;[0;39m &amp#27;[2m:&amp#27;[0;39m &amp#27;[2mHikariPool-1 - Start completed.&amp#27;[0;39m
&amp#27;[34m2023-06-14 18:51:14.334&amp#27;[0;39m &amp#27;[32mINFO &amp#27;[0;39m &amp#27;[2m39644&amp#27;[0;39m &amp#27;[2m---&amp#27;[0;39m &amp#27;[2m[    main]&amp#27;[0;39m &amp#27;[36mBaseDatabaseType                        &amp#27;[0;39m &amp#27;[2m:&amp#27;[0;39m &amp#27;[2mDatabase: jdbc:postgresql://localhost:56045/test (PostgreSQL 14.6)&amp#27;[0;39m
&amp#27;[34m2023-06-14 18:51:14.565&amp#27;[0;39m &amp#27;[32mINFO &amp#27;[0;39m &amp#27;[2m39644&amp#27;[0;39m &amp#27;[2m---&amp#27;[0;39m &amp#27;[2m[    main]&amp#27;[0;39m &amp#27;[36mDbValidate                              &amp#27;[0;39m &amp#27;[2m:&amp#27;[0;39m &amp#27;[2mSuccessfully validated 5 migrations (execution time 00:00.111s)&amp#27;[0;39m
&amp#27;[34m2023-06-14 18:51:14.659&amp#27;[0;39m &amp#27;[32mINFO &amp#27;[0;39m &amp#27;[2m39644&amp#27;[0;39m &amp#27;[2m---&amp#27;[0;39m &amp#27;[2m[    main]&amp#27;[0;39m &amp#27;[36mJdbcTableSchemaHistory                  &amp#27;[0;39m &amp#27;[2m:&amp#27;[0;39m &amp#27;[2mCreating Schema History table "public"."flyway_schema_history" ...&amp#27;[0;39m
&amp#27;[34m2023-06-14 18:51:14.833&amp#27;[0;39m &amp#27;[32mINFO &amp#27;[0;39m &amp#27;[2m39644&amp#27;[0;39m &amp#27;[2m---&amp#27;[0;39m &amp#27;[2m[    main]&amp#27;[0;39m &amp#27;[36mDbMigrate                               &amp#27;[0;39m &amp#27;[2m:&amp#27;[0;39m &amp#27;[2mCurrent version of schema "public": << Empty Schema >>&amp#27;[0;39m
&amp#27;[34m2023-06-14 18:51:14.892&amp#27;[0;39m &amp#27;[32mINFO &amp#27;[0;39m &amp#27;[2m39644&amp#27;[0;39m &amp#27;[2m---&amp#27;[0;39m &amp#27;[2m[    main]&amp#27;[0;39m &amp#27;[36mDbMigrate                               &amp#27;[0;39m &amp#27;[2m:&amp#27;[0;39m &amp#27;[2mMigrating schema "public" to version "1 - db init"&amp#27;[0;39m
&amp#27;[34m2023-06-14 18:51:15.212&amp#27;[0;39m &amp#27;[32mINFO &amp#27;[0;39m &amp#27;[2m39644&amp#27;[0;39m &amp#27;[2m---&amp#27;[0;39m &amp#27;[2m[    main]&amp#27;[0;39m &amp#27;[36mDbMigrate                               &amp#27;[0;39m &amp#27;[2m:&amp#27;[0;39m &amp#27;[2mMigrating schema "public" to version "2 - add user data"&amp#27;[0;39m
&amp#27;[34m2023-06-14 18:51:15.242&amp#27;[0;39m &amp#27;[32mINFO &amp#27;[0;39m &amp#27;[2m39644&amp#27;[0;39m &amp#27;[2m---&amp#27;[0;39m &amp#27;[2m[    main]&amp#27;[0;39m &amp#27;[36mDefaultSqlScriptExecutor                &amp#27;[0;39m &amp#27;[2m:&amp#27;[0;39m &amp#27;[2m+--------+
| setval |
+--------+
| 2      |
+--------+
&amp#27;[0;39m
&amp#27;[34m2023-06-14 18:51:15.332&amp#27;[0;39m &amp#27;[32mINFO &amp#27;[0;39m &amp#27;[2m39644&amp#27;[0;39m &amp#27;[2m---&amp#27;[0;39m &amp#27;[2m[    main]&amp#27;[0;39m &amp#27;[36mDbMigrate                               &amp#27;[0;39m &amp#27;[2m:&amp#27;[0;39m &amp#27;[2mMigrating schema "public" to version "3 - add role data"&amp#27;[0;39m
&amp#27;[34m2023-06-14 18:51:15.383&amp#27;[0;39m &amp#27;[32mINFO &amp#27;[0;39m &amp#27;[2m39644&amp#27;[0;39m &amp#27;[2m---&amp#27;[0;39m &amp#27;[2m[    main]&amp#27;[0;39m &amp#27;[36mDefaultSqlScriptExecutor                &amp#27;[0;39m &amp#27;[2m:&amp#27;[0;39m &amp#27;[2m+--------+
| setval |
+--------+
| 2      |
+--------+
&amp#27;[0;39m
&amp#27;[34m2023-06-14 18:51:15.447&amp#27;[0;39m &amp#27;[32mINFO &amp#27;[0;39m &amp#27;[2m39644&amp#27;[0;39m &amp#27;[2m---&amp#27;[0;39m &amp#27;[2m[    main]&amp#27;[0;39m &amp#27;[36mDbMigrate                               &amp#27;[0;39m &amp#27;[2m:&amp#27;[0;39m &amp#27;[2mMigrating schema "public" to version "4 - add user role data"&amp#27;[0;39m
&amp#27;[34m2023-06-14 18:51:15.532&amp#27;[0;39m &amp#27;[32mINFO &amp#27;[0;39m &amp#27;[2m39644&amp#27;[0;39m &amp#27;[2m---&amp#27;[0;39m &amp#27;[2m[    main]&amp#27;[0;39m &amp#27;[36mDbMigrate                               &amp#27;[0;39m &amp#27;[2m:&amp#27;[0;39m &amp#27;[2mMigrating schema "public" to version "5 - add customers data"&amp#27;[0;39m
&amp#27;[34m2023-06-14 18:51:15.573&amp#27;[0;39m &amp#27;[32mINFO &amp#27;[0;39m &amp#27;[2m39644&amp#27;[0;39m &amp#27;[2m---&amp#27;[0;39m &amp#27;[2m[    main]&amp#27;[0;39m &amp#27;[36mDefaultSqlScriptExecutor                &amp#27;[0;39m &amp#27;[2m:&amp#27;[0;39m &amp#27;[2m+--------+
| setval |
+--------+
| 4      |
+--------+
&amp#27;[0;39m
&amp#27;[34m2023-06-14 18:51:15.580&amp#27;[0;39m &amp#27;[32mINFO &amp#27;[0;39m &amp#27;[2m39644&amp#27;[0;39m &amp#27;[2m---&amp#27;[0;39m &amp#27;[2m[    main]&amp#27;[0;39m &amp#27;[36mDefaultSqlScriptExecutor                &amp#27;[0;39m &amp#27;[2m:&amp#27;[0;39m &amp#27;[2m+--------+
| setval |
+--------+
| 4      |
+--------+
&amp#27;[0;39m
&amp#27;[34m2023-06-14 18:51:15.621&amp#27;[0;39m &amp#27;[32mINFO &amp#27;[0;39m &amp#27;[2m39644&amp#27;[0;39m &amp#27;[2m---&amp#27;[0;39m &amp#27;[2m[    main]&amp#27;[0;39m &amp#27;[36mDbMigrate                               &amp#27;[0;39m &amp#27;[2m:&amp#27;[0;39m &amp#27;[2mSuccessfully applied 5 migrations to schema "public", now at version v5 (execution time 00:00.823s)&amp#27;[0;39m
&amp#27;[34m2023-06-14 18:51:22.649&amp#27;[0;39m &amp#27;[33mWARN &amp#27;[0;39m &amp#27;[2m39644&amp#27;[0;39m &amp#27;[2m---&amp#27;[0;39m &amp#27;[2m[    main]&amp#27;[0;39m &amp#27;[36mJpaBaseConfiguration$JpaWebConfiguration&amp#27;[0;39m &amp#27;[2m:&amp#27;[0;39m &amp#27;[2mspring.jpa.open-in-view is enabled by default. Therefore, database queries may be performed during view rendering. Explicitly configure spring.jpa.open-in-view to disable this warning&amp#27;[0;39m
&amp#27;[34m2023-06-14 18:51:39.376&amp#27;[0;39m &amp#27;[32mINFO &amp#27;[0;39m &amp#27;[2m39644&amp#27;[0;39m &amp#27;[2m---&amp#27;[0;39m &amp#27;[2m[    main]&amp#27;[0;39m &amp#27;[36mUserControllerTest                      &amp#27;[0;39m &amp#27;[2m:&amp#27;[0;39m &amp#27;[2mStarted UserControllerTest in 50.058 seconds (process running for 57.93)&amp#27;[0;39m
Hibernate: 
    select
        u1_0.id,
        u1_0.first_name,
        u1_0.last_name,
        u1_0.password,
        u1_0.username 
    from
        public.user u1_0 
    where
        u1_0.id=?
Hibernate: 
    select
        r1_0.user_id,
        r1_1.id,
        r1_1.type 
    from
        user_role r1_0 
    join
        role r1_1 
            on r1_1.id=r1_0.role_id 
    where
        r1_0.user_id=?

MockHttpServletRequest:
      HTTP Method = GET
      Request URI = /api/v1/users/1
       Parameters = {}
          Headers = []
             Body = null
    Session Attrs = {}

Handler:
             Type = com.hr.management.controller.UserController
           Method = com.hr.management.controller.UserController#findById(long)

Async:
    Async started = false
     Async result = null

Resolved Exception:
             Type = null

ModelAndView:
        View name = null
             View = null
            Model = null

FlashMap:
       Attributes = null

MockHttpServletResponse:
           Status = 200
    Error message = null
          Headers = [Vary:"Origin", "Access-Control-Request-Method", "Access-Control-Request-Headers", Content-Type:"application/json", X-Content-Type-Options:"nosniff", X-XSS-Protection:"0", Cache-Control:"no-cache, no-store, max-age=0, must-revalidate", Pragma:"no-cache", Expires:"0", X-Frame-Options:"DENY"]
     Content type = application/json
             Body = {"message":"Success","data":{"id":1,"username":"johndoe","password":"$2a$10$MMOkMuO8zVcXl8YH2GrZSOYf/9zeC/sznGHRVzAq0T8.tzet7QJWq","firstName":"John","lastName":"Doe","fullName":"John Doe","roles":[{"id":2,"type":"ROLE_ADMIN"},{"id":1,"type":"ROLE_USER"}]}}
    Forwarded URL = null
   Redirected URL = null
          Cookies = []
]]></system-out>
  </testcase>
  <testcase name="findUserById_should_returnStatusIsOk_when_OtherUser_IsFound" classname="com.hr.management.controller.UserControllerTest" time="0.088">
    <system-out><![CDATA[Hibernate: 
    select
        u1_0.id,
        u1_0.first_name,
        u1_0.last_name,
        u1_0.password,
        u1_0.username 
    from
        public.user u1_0 
    where
        u1_0.id=?
Hibernate: 
    select
        r1_0.user_id,
        r1_1.id,
        r1_1.type 
    from
        user_role r1_0 
    join
        role r1_1 
            on r1_1.id=r1_0.role_id 
    where
        r1_0.user_id=?

MockHttpServletRequest:
      HTTP Method = GET
      Request URI = /api/v1/users/2
       Parameters = {}
          Headers = []
             Body = null
    Session Attrs = {}

Handler:
             Type = com.hr.management.controller.UserController
           Method = com.hr.management.controller.UserController#findById(long)

Async:
    Async started = false
     Async result = null

Resolved Exception:
             Type = null

ModelAndView:
        View name = null
             View = null
            Model = null

FlashMap:
       Attributes = null

MockHttpServletResponse:
           Status = 200
    Error message = null
          Headers = [Vary:"Origin", "Access-Control-Request-Method", "Access-Control-Request-Headers", Content-Type:"application/json", X-Content-Type-Options:"nosniff", X-XSS-Protection:"0", Cache-Control:"no-cache, no-store, max-age=0, must-revalidate", Pragma:"no-cache", Expires:"0", X-Frame-Options:"DENY"]
     Content type = application/json
             Body = {"message":"Success","data":{"id":2,"username":"jake","password":"$2y$04$IxoCwBtRGeBixa0ERJvn9ueeomjLy4aaGPzwtbROWx7f4LA2iSCeG","firstName":"Jake","lastName":"Vando","fullName":"Jake Vando","roles":[{"id":2,"type":"ROLE_ADMIN"},{"id":1,"type":"ROLE_USER"}]}}
    Forwarded URL = null
   Redirected URL = null
          Cookies = []
]]></system-out>
  </testcase>
</testsuite>